<?xml version="1.0" encoding="UTF-8"?>
<!-- Generated by org.testng.reporters.JUnitReportReporter -->
<testsuite hostname="LAPTOP-PE6NQJ4B" failures="0" tests="1" name="com.score.ScoreApp" time="0.022" errors="0" timestamp="2023-04-25T00:53:41 EDT" skipped="0">
  <testcase classname="com.score.ScoreApp" name="mytest1" time="0.022"/>
  <system-out/>
</testsuite> <!-- com.score.ScoreApp -->
